# JRE version: Java(TM) SE Runtime Environment (8.0_111-b14) (build 1.8.0_111-b14)
# Java VM: Java HotSpot(TM) 64-Bit Server VM (25.111-b14 mixed mode windows-amd64 compressed oops)
Heap:
 PSYoungGen      total 9728K, used 5669K [0x00000000f5d80000, 0x00000000f6d00000, 0x0000000100000000)
  eden space 8704K, 53% used [0x00000000f5d80000,0x00000000f620d780,0x00000000f6600000)
  from space 1024K, 98% used [0x00000000f6600000,0x00000000f66fc020,0x00000000f6700000)
  to   space 3584K, 0% used [0x00000000f6980000,0x00000000f6980000,0x00000000f6d00000)
 ParOldGen       total 22016K, used 7419K [0x00000000e1800000, 0x00000000e2d80000, 0x00000000f5d80000)
  object space 22016K, 33% used [0x00000000e1800000,0x00000000e1f3ec80,0x00000000e2d80000)
 Metaspace       used 13587K, capacity 13878K, committed 14208K, reserved 1060864K
  class space    used 1690K, capacity 1799K, committed 1920K, reserved 1048576K
GC Heap History (10 events):
Event: 10.502 GC heap before
{Heap before GC invocations=1 (full 0):
 PSYoungGen      total 9728K, used 8704K [0x00000000f5d80000, 0x00000000f6800000, 0x0000000100000000)
  eden space 8704K, 100% used [0x00000000f5d80000,0x00000000f6600000,0x00000000f6600000)
  from space 1024K, 0% used [0x00000000f6700000,0x00000000f6700000,0x00000000f6800000)
  to   space 1024K, 0% used [0x00000000f6600000,0x00000000f6600000,0x00000000f6700000)
 ParOldGen       total 22016K, used 0K [0x00000000e1800000, 0x00000000e2d80000, 0x00000000f5d80000)
  object space 22016K, 0% used [0x00000000e1800000,0x00000000e1800000,0x00000000e2d80000)
 Metaspace       used 5113K, capacity 5524K, committed 5888K, reserved 1056768K
  class space    used 595K, capacity 656K, committed 768K, reserved 1048576K
Event: 10.512 GC heap after
Heap after GC invocations=1 (full 0):
 PSYoungGen      total 9728K, used 1014K [0x00000000f5d80000, 0x00000000f6800000, 0x0000000100000000)
  eden space 8704K, 0% used [0x00000000f5d80000,0x00000000f5d80000,0x00000000f6600000)
  from space 1024K, 99% used [0x00000000f6600000,0x00000000f66fdaf8,0x00000000f6700000)
  to   space 1024K, 0% used [0x00000000f6700000,0x00000000f6700000,0x00000000f6800000)
 ParOldGen       total 22016K, used 848K [0x00000000e1800000, 0x00000000e2d80000, 0x00000000f5d80000)
  object space 22016K, 3% used [0x00000000e1800000,0x00000000e18d4138,0x00000000e2d80000)
 Metaspace       used 5113K, capacity 5524K, committed 5888K, reserved 1056768K
  class space    used 595K, capacity 656K, committed 768K, reserved 1048576K
}
Event: 11.988 GC heap before
{Heap before GC invocations=2 (full 0):
 PSYoungGen      total 9728K, used 9718K [0x00000000f5d80000, 0x00000000f6800000, 0x0000000100000000)
  eden space 8704K, 100% used [0x00000000f5d80000,0x00000000f6600000,0x00000000f6600000)
  from space 1024K, 99% used [0x00000000f6600000,0x00000000f66fdaf8,0x00000000f6700000)
  to   space 1024K, 0% used [0x00000000f6700000,0x00000000f6700000,0x00000000f6800000)
 ParOldGen       total 22016K, used 848K [0x00000000e1800000, 0x00000000e2d80000, 0x00000000f5d80000)
  object space 22016K, 3% used [0x00000000e1800000,0x00000000e18d4138,0x00000000e2d80000)
 Metaspace       used 7127K, capacity 7236K, committed 7296K, reserved 1056768K
  class space    used 841K, capacity 880K, committed 896K, reserved 1048576K
Event: 11.998 GC heap after
Heap after GC invocations=2 (full 0):
 PSYoungGen      total 9728K, used 992K [0x00000000f5d80000, 0x00000000f6800000, 0x0000000100000000)
  eden space 8704K, 0% used [0x00000000f5d80000,0x00000000f5d80000,0x00000000f6600000)
  from space 1024K, 96% used [0x00000000f6700000,0x00000000f67f8020,0x00000000f6800000)
  to   space 1024K, 0% used [0x00000000f6600000,0x00000000f6600000,0x00000000f6700000)
 ParOldGen       total 22016K, used 2207K [0x00000000e1800000, 0x00000000e2d80000, 0x00000000f5d80000)
  object space 22016K, 10% used [0x00000000e1800000,0x00000000e1a27d30,0x00000000e2d80000)
 Metaspace       used 7127K, capacity 7236K, committed 7296K, reserved 1056768K
  class space    used 841K, capacity 880K, committed 896K, reserved 1048576K
}
Event: 13.895 GC heap before
{Heap before GC invocations=3 (full 0):
 PSYoungGen      total 9728K, used 9696K [0x00000000f5d80000, 0x00000000f6800000, 0x0000000100000000)
  eden space 8704K, 100% used [0x00000000f5d80000,0x00000000f6600000,0x00000000f6600000)
  from space 1024K, 96% used [0x00000000f6700000,0x00000000f67f8020,0x00000000f6800000)
  to   space 1024K, 0% used [0x00000000f6600000,0x00000000f6600000,0x00000000f6700000)
 ParOldGen       total 22016K, used 2207K [0x00000000e1800000, 0x00000000e2d80000, 0x00000000f5d80000)
  object space 22016K, 10% used [0x00000000e1800000,0x00000000e1a27d30,0x00000000e2d80000)
 Metaspace       used 9680K, capacity 9824K, committed 9984K, reserved 1058816K
  class space    used 1139K, capacity 1182K, committed 1280K, reserved 1048576K
Event: 13.908 GC heap after
Heap after GC invocations=3 (full 0):
 PSYoungGen      total 9728K, used 1008K [0x00000000f5d80000, 0x00000000f6800000, 0x0000000100000000)
  eden space 8704K, 0% used [0x00000000f5d80000,0x00000000f5d80000,0x00000000f6600000)
  from space 1024K, 98% used [0x00000000f6600000,0x00000000f66fc010,0x00000000f6700000)
  to   space 1024K, 0% used [0x00000000f6700000,0x00000000f6700000,0x00000000f6800000)
 ParOldGen       total 22016K, used 4109K [0x00000000e1800000, 0x00000000e2d80000, 0x00000000f5d80000)
  object space 22016K, 18% used [0x00000000e1800000,0x00000000e1c03710,0x00000000e2d80000)
 Metaspace       used 9680K, capacity 9824K, committed 9984K, reserved 1058816K
  class space    used 1139K, capacity 1182K, committed 1280K, reserved 1048576K
}
Event: 14.690 GC heap before
{Heap before GC invocations=4 (full 0):
 PSYoungGen      total 9728K, used 9712K [0x00000000f5d80000, 0x00000000f6800000, 0x0000000100000000)
  eden space 8704K, 100% used [0x00000000f5d80000,0x00000000f6600000,0x00000000f6600000)
  from space 1024K, 98% used [0x00000000f6600000,0x00000000f66fc010,0x00000000f6700000)
  to   space 1024K, 0% used [0x00000000f6700000,0x00000000f6700000,0x00000000f6800000)
 ParOldGen       total 22016K, used 4109K [0x00000000e1800000, 0x00000000e2d80000, 0x00000000f5d80000)
  object space 22016K, 18% used [0x00000000e1800000,0x00000000e1c03710,0x00000000e2d80000)
 Metaspace       used 10514K, capacity 10662K, committed 10880K, reserved 1058816K
  class space    used 1283K, capacity 1311K, committed 1408K, reserved 1048576K
Event: 14.710 GC heap after
Heap after GC invocations=4 (full 0):
 PSYoungGen      total 9728K, used 1008K [0x00000000f5d80000, 0x00000000f6800000, 0x0000000100000000)
  eden space 8704K, 0% used [0x00000000f5d80000,0x00000000f5d80000,0x00000000f6600000)
  from space 1024K, 98% used [0x00000000f6700000,0x00000000f67fc020,0x00000000f6800000)
  to   space 1024K, 0% used [0x00000000f6600000,0x00000000f6600000,0x00000000f6700000)
 ParOldGen       total 22016K, used 5793K [0x00000000e1800000, 0x00000000e2d80000, 0x00000000f5d80000)
  object space 22016K, 26% used [0x00000000e1800000,0x00000000e1da85c8,0x00000000e2d80000)
 Metaspace       used 10514K, capacity 10662K, committed 10880K, reserved 1058816K
  class space    used 1283K, capacity 1311K, committed 1408K, reserved 1048576K
}
Event: 16.535 GC heap before
{Heap before GC invocations=5 (full 0):
 PSYoungGen      total 9728K, used 9712K [0x00000000f5d80000, 0x00000000f6800000, 0x0000000100000000)
  eden space 8704K, 100% used [0x00000000f5d80000,0x00000000f6600000,0x00000000f6600000)
  from space 1024K, 98% used [0x00000000f6700000,0x00000000f67fc020,0x00000000f6800000)
  to   space 1024K, 0% used [0x00000000f6600000,0x00000000f6600000,0x00000000f6700000)
 ParOldGen       total 22016K, used 5793K [0x00000000e1800000, 0x00000000e2d80000, 0x00000000f5d80000)
  object space 22016K, 26% used [0x00000000e1800000,0x00000000e1da85c8,0x00000000e2d80000)
 Metaspace       used 12238K, capacity 12422K, committed 12672K, reserved 1060864K
  class space    used 1527K, capacity 1599K, committed 1664K, reserved 1048576K
Event: 16.556 GC heap after
Heap after GC invocations=5 (full 0):
 PSYoungGen      total 9728K, used 1008K [0x00000000f5d80000, 0x00000000f6d00000, 0x0000000100000000)
  eden space 8704K, 0% used [0x00000000f5d80000,0x00000000f5d80000,0x00000000f6600000)
  from space 1024K, 98% used [0x00000000f6600000,0x00000000f66fc020,0x00000000f6700000)
  to   space 3584K, 0% used [0x00000000f6980000,0x00000000f6980000,0x00000000f6d00000)
 ParOldGen       total 22016K, used 7419K [0x00000000e1800000, 0x00000000e2d80000, 0x00000000f5d80000)
  object space 22016K, 33% used [0x00000000e1800000,0x00000000e1f3ec80,0x00000000e2d80000)
 Metaspace       used 12238K, capacity 12422K, committed 12672K, reserved 1060864K
  class space    used 1527K, capacity 1599K, committed 1664K, reserved 1048576K
}

