<?xml version="1.0" encoding="UTF-8"?>
<!-- Generated by org.testng.reporters.JUnitXMLReporter -->
<testsuite hostname="DESKTOP-1U7KDSQ" name="Surefire test" tests="4" failures="0" timestamp="5 Mar 2017 15:56:15 GMT" time="110.936" errors="0">
  <testcase name="loginBigLetterLogin" time="14.23" classname="com.epam.tests.MyGitHubTest"/>
  <testcase name="loginBigLetterPass" time="10.736" classname="com.epam.tests.MyGitHubTest"/>
  <testcase name="loginRight" time="10.768" classname="com.epam.tests.MyGitHubTest"/>
  <testcase name="pressButtonWithoutLoginPass" time="15.248" classname="com.epam.tests.MyGitHubTest"/>
</testsuite> <!-- Surefire test -->
